<?xml version="1.0" encoding="UTF-8"?>
<!-- Generated by org.testng.reporters.JUnitXMLReporter -->
<testsuite ignored="0" hostname="DESKTOP-OIRFGQC" failures="0" tests="3" name="Default test" time="5.145" errors="0" timestamp="2025-03-27T14:57:55 EDT">
  <testcase classname="backend.RestAPIChainTest" name="postAPIRequestToGetBookingID" time="4.48"/>
  <testcase classname="backend.RestAPIChainTest" name="postAPIRequestToGetToken" time="0.262"/>
  <testcase classname="backend.RestAPIChainTest" name="putAPIRequestUsingToken" time="0.354"/>
</testsuite> <!-- Default test -->
